<?xml version="1.0" encoding="UTF-8"?>
<!-- Generated by org.testng.reporters.JUnitXMLReporter -->
<testsuite ignored="1" hostname="T074" failures="0" tests="5" name="Test011" time="0.053" errors="0" timestamp="2023-04-26T15:38:45 CST">
  <testcase classname="TestNG_Test" name="test6" time="0.005"/>
  <testcase classname="TestNG_Test" name="test_0023" time="0.005"/>
  <testcase classname="TestNG_Test" name="test_002" time="0.005"/>
  <testcase classname="TestNG_Test" name="test_002" time="0.001"/>
  <testcase classname="TestNG_Test" name="test_002" time="0.0"/>
  <testcase classname="TestNG_Test" name="@BeforeTest test_001" time="0.0">
    <ignored/>
  </testcase> <!-- @BeforeTest test_001 -->
</testsuite> <!-- Test011 -->
